<?xml version="1.0" encoding="UTF-8"?>
<!-- Generated by org.testng.reporters.JUnitReportReporter -->
<testsuite hostname="LAPTOP-PPEQG1E8" name="pages.LoginRequisicoes" tests="4" failures="0" timestamp="20 Sep 2021 18:26:33 GMT" time="2.274" errors="0">
  <testcase name="insucessoLoginSenha" time="0.596" classname="pages.LoginRequisicoes"/>
  <testcase name="sucessoLogin" time="0.564" classname="pages.LoginRequisicoes"/>
  <testcase name="loginSenhaIncorreta" time="0.549" classname="pages.LoginRequisicoes"/>
  <testcase name="insucessoLoginUsuario" time="0.565" classname="pages.LoginRequisicoes"/>
</testsuite> <!-- pages.LoginRequisicoes -->
