<?xml version="1.0" encoding="UTF-8"?>
<!-- Generated by org.testng.reporters.JUnitReportReporter -->
<testsuite hostname="LAPTOP-PPEQG1E8" name="pages.RegisterRequisicoes" tests="3" failures="0" timestamp="20 Sep 2021 18:26:33 GMT" time="1.950" errors="0">
  <testcase name="insucessoRegistroUsuario" time="0.613" classname="pages.RegisterRequisicoes"/>
  <testcase name="registroUsuarioEmailIncorreto" time="0.644" classname="pages.RegisterRequisicoes"/>
  <testcase name="sucessoRegistroUsuario" time="0.693" classname="pages.RegisterRequisicoes"/>
</testsuite> <!-- pages.RegisterRequisicoes -->
