<?xml version="1.0" encoding="UTF-8"?>
<!-- Generated by org.testng.reporters.JUnitReportReporter -->
<testsuite hostname="LAPTOP-PPEQG1E8" name="pages.UsuariosRequisicoes" tests="9" failures="0" timestamp="20 Sep 2021 18:26:33 GMT" time="9.829" errors="0">
  <testcase name="deletarUsuario" time="0.654" classname="pages.UsuariosRequisicoes"/>
  <testcase name="updateInfoUsuarioCompleto" time="0.562" classname="pages.UsuariosRequisicoes"/>
  <testcase name="buscarUsuarioInexistente" time="0.090" classname="pages.UsuariosRequisicoes"/>
  <testcase name="deletarUsuarioIDInexistente" time="1.088" classname="pages.UsuariosRequisicoes"/>
  <testcase name="buscarUsuarioID" time="1.846" classname="pages.UsuariosRequisicoes"/>
  <testcase name="updateInfoUsuario" time="1.288" classname="pages.UsuariosRequisicoes"/>
  <testcase name="criarUsuario" time="0.585" classname="pages.UsuariosRequisicoes"/>
  <testcase name="validarListaUsuarios" time="0.130" classname="pages.UsuariosRequisicoes"/>
  <testcase name="delayedResponse" time="3.586" classname="pages.UsuariosRequisicoes"/>
</testsuite> <!-- pages.UsuariosRequisicoes -->
